app/build/intermediates/manifest_merge_blame_file/release/manifest-merger-blame-release-report.txt
1<?xml version="1.0" encoding="utf-8"?>
2<manifest xmlns:android="http://schemas.android.com/apk/res/android"
3    package="com.cesbio.SDK"
4    android:versionCode="5"
5    android:versionName="1.2" >
6
7    <uses-sdk
8        android:minSdkVersion="16"
8-->src\main\AndroidManifest.xml
9        android:targetSdkVersion="29" />
9-->src\main\AndroidManifest.xml
10    <!-- Permissions requises -->
11    <uses-permission android:name="android.permission.INTERNET" />
11-->src\main\AndroidManifest.xml:7:5-67
11-->src\main\AndroidManifest.xml:7:22-64
12    <uses-permission android:name="android.permission.ACCESS_NETWORK_STATE" />
12-->src\main\AndroidManifest.xml:8:5-79
12-->src\main\AndroidManifest.xml:8:22-76
13    <uses-permission android:name="android.permission.ACCESS_FINE_LOCATION" />
13-->src\main\AndroidManifest.xml:9:5-79
13-->src\main\AndroidManifest.xml:9:22-76
14    <uses-permission android:name="android.permission.ACCESS_COARSE_LOCATION" />
14-->src\main\AndroidManifest.xml:10:5-81
14-->src\main\AndroidManifest.xml:10:22-78
15
16    <uses-feature
16-->[com.google.android.gms:play-services-maps:17.0.0] AndroidManifest.xml:26:5-28:35
17        android:glEsVersion="0x00020000"
17-->[com.google.android.gms:play-services-maps:17.0.0] AndroidManifest.xml:27:9-41
18        android:required="true" />
18-->[com.google.android.gms:play-services-maps:17.0.0] AndroidManifest.xml:28:9-32
19
20    <application
20-->src\main\AndroidManifest.xml:12:5-46:19
21        android:allowBackup="true"
21-->src\main\AndroidManifest.xml:13:9-35
22        android:appComponentFactory="androidx.core.app.CoreComponentFactory"
22-->[androidx.core:core:1.3.0] AndroidManifest.xml:24:18-86
23        android:fullBackupContent="@xml/backup_descriptor"
23-->src\main\AndroidManifest.xml:14:9-59
24        android:icon="@drawable/icon"
24-->src\main\AndroidManifest.xml:15:9-38
25        android:label="@string/app_name"
25-->src\main\AndroidManifest.xml:16:9-41
26        android:roundIcon="@mipmap/ic_launcher_round"
26-->src\main\AndroidManifest.xml:17:9-54
27        android:supportsRtl="true"
27-->src\main\AndroidManifest.xml:18:9-35
28        android:theme="@style/AppTheme"
28-->src\main\AndroidManifest.xml:19:9-40
29        android:usesCleartextTraffic="true" >
29-->src\main\AndroidManifest.xml:20:9-44
30        <activity
30-->src\main\AndroidManifest.xml:21:9-99
31            android:name="com.cesbio.SDK.activities.Help"
31-->src\main\AndroidManifest.xml:21:19-50
32            android:screenOrientation="portrait" />
32-->src\main\AndroidManifest.xml:21:51-87
33        <activity
33-->src\main\AndroidManifest.xml:22:9-92
34            android:name="com.cesbio.SDK.activities.Account"
34-->src\main\AndroidManifest.xml:22:19-53
35            android:screenOrientation="portrait" />
35-->src\main\AndroidManifest.xml:22:54-90
36        <activity
36-->src\main\AndroidManifest.xml:23:9-99
37            android:name="com.cesbio.SDK.activities.UpdatePassword"
37-->src\main\AndroidManifest.xml:23:19-60
38            android:screenOrientation="portrait" />
38-->src\main\AndroidManifest.xml:23:61-97
39        <activity
39-->src\main\AndroidManifest.xml:24:9-95
40            android:name="com.cesbio.SDK.activities.SavedForms"
40-->src\main\AndroidManifest.xml:24:19-56
41            android:screenOrientation="portrait" />
41-->src\main\AndroidManifest.xml:24:57-93
42        <activity
42-->src\main\AndroidManifest.xml:25:9-95
43            android:name="com.cesbio.SDK.activities.Statistics"
43-->src\main\AndroidManifest.xml:25:19-56
44            android:screenOrientation="portrait" />
44-->src\main\AndroidManifest.xml:25:57-93
45        <activity
45-->src\main\AndroidManifest.xml:26:9-94
46            android:name="com.cesbio.SDK.activities.SentForms"
46-->src\main\AndroidManifest.xml:26:19-55
47            android:screenOrientation="portrait" />
47-->src\main\AndroidManifest.xml:26:56-92
48        <activity
48-->src\main\AndroidManifest.xml:27:9-89
49            android:name="com.cesbio.SDK.activities.Home"
49-->src\main\AndroidManifest.xml:27:19-50
50            android:screenOrientation="portrait" />
50-->src\main\AndroidManifest.xml:27:51-87
51        <activity
51-->src\main\AndroidManifest.xml:28:9-35:20
52            android:name="com.cesbio.SDK.activities.Welcome"
52-->src\main\AndroidManifest.xml:28:19-53
53            android:screenOrientation="portrait" >
53-->src\main\AndroidManifest.xml:28:54-90
54            <intent-filter>
54-->src\main\AndroidManifest.xml:30:13-34:29
55                <action android:name="android.intent.action.MAIN" />
55-->src\main\AndroidManifest.xml:31:17-69
55-->src\main\AndroidManifest.xml:31:25-66
56
57                <category android:name="android.intent.category.LAUNCHER" />
57-->src\main\AndroidManifest.xml:33:17-77
57-->src\main\AndroidManifest.xml:33:27-74
58            </intent-filter>
59        </activity>
60        <activity
60-->src\main\AndroidManifest.xml:36:9-97
61            android:name="com.cesbio.SDK.activities.Registration"
61-->src\main\AndroidManifest.xml:36:19-58
62            android:screenOrientation="portrait" />
62-->src\main\AndroidManifest.xml:36:59-95
63        <activity
63-->src\main\AndroidManifest.xml:37:9-95
64            android:name="com.cesbio.SDK.activities.Connection"
64-->src\main\AndroidManifest.xml:37:19-56
65            android:screenOrientation="portrait" />
65-->src\main\AndroidManifest.xml:37:57-93
66        <activity
66-->src\main\AndroidManifest.xml:38:9-93
67            android:name="com.cesbio.SDK.activities.SendForm"
67-->src\main\AndroidManifest.xml:38:19-54
68            android:screenOrientation="portrait" />
68-->src\main\AndroidManifest.xml:38:55-91
69        <activity
69-->src\main\AndroidManifest.xml:39:9-99
70            android:name="com.cesbio.SDK.activities.ForgotPassword"
70-->src\main\AndroidManifest.xml:39:19-60
71            android:screenOrientation="portrait" />
71-->src\main\AndroidManifest.xml:39:61-97
72        <activity
72-->src\main\AndroidManifest.xml:40:9-89
73            android:name="com.cesbio.SDK.activities.Form"
73-->src\main\AndroidManifest.xml:40:19-50
74            android:screenOrientation="portrait" /> <!-- API CODE GOOGLE MAPS -->
74-->src\main\AndroidManifest.xml:40:51-87
75        <meta-data
75-->src\main\AndroidManifest.xml:41:9-43:47
76            android:name="com.google.android.geo.API_KEY"
76-->src\main\AndroidManifest.xml:42:13-58
77            android:value="@string/map_key" />
77-->src\main\AndroidManifest.xml:43:13-44
78
79        <activity
79-->src\main\AndroidManifest.xml:45:9-96
80            android:name="com.cesbio.SDK.activities.GeoLocation"
80-->src\main\AndroidManifest.xml:45:19-57
81            android:screenOrientation="portrait" />
81-->src\main\AndroidManifest.xml:45:58-94
82        <!-- Needs to be explicitly declared on P+ -->
83        <uses-library
83-->[com.google.android.gms:play-services-maps:17.0.0] AndroidManifest.xml:33:9-35:40
84            android:name="org.apache.http.legacy"
84-->[com.google.android.gms:play-services-maps:17.0.0] AndroidManifest.xml:34:13-50
85            android:required="false" />
85-->[com.google.android.gms:play-services-maps:17.0.0] AndroidManifest.xml:35:13-37
86
87        <activity
87-->[com.google.android.gms:play-services-base:17.0.0] AndroidManifest.xml:23:9-26:75
88            android:name="com.google.android.gms.common.api.GoogleApiActivity"
88-->[com.google.android.gms:play-services-base:17.0.0] AndroidManifest.xml:24:13-79
89            android:exported="false"
89-->[com.google.android.gms:play-services-base:17.0.0] AndroidManifest.xml:25:13-37
90            android:theme="@android:style/Theme.Translucent.NoTitleBar" />
90-->[com.google.android.gms:play-services-base:17.0.0] AndroidManifest.xml:26:13-72
91
92        <meta-data
92-->[com.google.android.gms:play-services-basement:17.0.0] AndroidManifest.xml:23:9-25:69
93            android:name="com.google.android.gms.version"
93-->[com.google.android.gms:play-services-basement:17.0.0] AndroidManifest.xml:24:13-58
94            android:value="@integer/google_play_services_version" />
94-->[com.google.android.gms:play-services-basement:17.0.0] AndroidManifest.xml:25:13-66
95    </application>
96
97</manifest>